{"message":"Foo","context":{},"level":300,"level_name":"WARNING","channel":"demo-script","datetime":"2022-02-02T09:30:26.134623+00:00","extra":{},"dd":{"trace_id":"7230176717662668995","span_id":"7230176717662668995"}}
{"message":"Bar","context":{},"level":400,"level_name":"ERROR","channel":"demo-script","datetime":"2022-02-02T09:30:26.138198+00:00","extra":{},"dd":{"trace_id":"7230176717662668995","span_id":"7230176717662668995"}}
{"message":"sleeping","context":{"sleep.duration":1},"level":200,"level_name":"INFO","channel":"demo-script","datetime":"2022-02-02T09:30:26.139097+00:00","extra":{},"dd":{"trace_id":"7230176717662668995","span_id":"6098744469254765485"}}
{"message":"sleeping","context":{"sleep.duration":1},"level":200,"level_name":"INFO","channel":"demo-script","datetime":"2022-02-02T09:30:28.356228+00:00","extra":{},"dd":{"trace_id":"7230176717662668995","span_id":"15997350306700704610"}}
{"message":"Foo","context":{},"level":300,"level_name":"WARNING","channel":"demo-script","datetime":"2022-02-02T09:31:09.406740+00:00","extra":{},"dd":{"trace_id":"12748516421133465793","span_id":"12748516421133465793"}}
{"message":"Bar","context":{},"level":400,"level_name":"ERROR","channel":"demo-script","datetime":"2022-02-02T09:31:09.411513+00:00","extra":{},"dd":{"trace_id":"12748516421133465793","span_id":"12748516421133465793"}}
{"message":"sleeping","context":{"sleep.duration":1},"level":200,"level_name":"INFO","channel":"demo-script","datetime":"2022-02-02T09:31:09.412293+00:00","extra":{},"dd":{"trace_id":"12748516421133465793","span_id":"13231486956343458626"}}
{"message":"sleeping","context":{"sleep.duration":1},"level":200,"level_name":"INFO","channel":"demo-script","datetime":"2022-02-02T09:31:11.656141+00:00","extra":{},"dd":{"trace_id":"12748516421133465793","span_id":"9756807945502464529"}}
{"message":"Foo","context":{},"level":300,"level_name":"WARNING","channel":"demo-script","datetime":"2022-02-02T09:37:22.030242+00:00","extra":{},"dd":{"trace_id":"5091933360820253182","span_id":"5091933360820253182"}}
{"message":"Bar","context":{},"level":400,"level_name":"ERROR","channel":"demo-script","datetime":"2022-02-02T09:37:22.032024+00:00","extra":{},"dd":{"trace_id":"5091933360820253182","span_id":"5091933360820253182"}}
{"message":"sleeping","context":{"sleep.duration":1},"level":200,"level_name":"INFO","channel":"demo-script","datetime":"2022-02-02T09:37:22.032507+00:00","extra":{},"dd":{"trace_id":"5091933360820253182","span_id":"3106424887620914359"}}
{"message":"sleeping","context":{"sleep.duration":1},"level":200,"level_name":"INFO","channel":"demo-script","datetime":"2022-02-02T09:37:24.398609+00:00","extra":{},"dd":{"trace_id":"5091933360820253182","span_id":"7075599525720296253"}}
{"message":"Foo","context":{},"level":300,"level_name":"WARNING","channel":"demo-script","datetime":"2022-02-02T09:37:43.048474+00:00","extra":{},"dd":{"trace_id":"3927518112694731205","span_id":"3927518112694731205"}}
{"message":"Bar","context":{},"level":400,"level_name":"ERROR","channel":"demo-script","datetime":"2022-02-02T09:37:43.049928+00:00","extra":{},"dd":{"trace_id":"3927518112694731205","span_id":"3927518112694731205"}}
{"message":"sleeping","context":{"sleep.duration":1},"level":200,"level_name":"INFO","channel":"demo-script","datetime":"2022-02-02T09:37:43.050452+00:00","extra":{},"dd":{"trace_id":"3927518112694731205","span_id":"7964832853036366276"}}
{"message":"sleeping","context":{"sleep.duration":1},"level":200,"level_name":"INFO","channel":"demo-script","datetime":"2022-02-02T09:37:45.277863+00:00","extra":{},"dd":{"trace_id":"3927518112694731205","span_id":"12847932839284057277"}}
{"message":"Foo","context":{},"level":300,"level_name":"WARNING","channel":"demo-script","datetime":"2022-02-02T09:37:50.143124+00:00","extra":{},"dd":{"trace_id":"1609731724571403508","span_id":"1609731724571403508"}}
{"message":"Bar","context":{},"level":400,"level_name":"ERROR","channel":"demo-script","datetime":"2022-02-02T09:37:50.144791+00:00","extra":{},"dd":{"trace_id":"1609731724571403508","span_id":"1609731724571403508"}}
{"message":"sleeping","context":{"sleep.duration":1},"level":200,"level_name":"INFO","channel":"demo-script","datetime":"2022-02-02T09:37:50.145363+00:00","extra":{},"dd":{"trace_id":"1609731724571403508","span_id":"13072498401415321789"}}
{"message":"sleeping","context":{"sleep.duration":1},"level":200,"level_name":"INFO","channel":"demo-script","datetime":"2022-02-02T09:37:52.350925+00:00","extra":{},"dd":{"trace_id":"1609731724571403508","span_id":"13240834390677526260"}}
{"message":"sleeping","context":{"sleep.duration":null},"level":100,"level_name":"DEBUG","channel":"demo-script","datetime":"2022-02-02T09:42:22.359980+00:00","extra":{},"dd":{"trace_id":"15904042790861882272","span_id":"15904042790861882272"}}
{"message":"sleeping","context":{"sleep.duration":null},"level":100,"level_name":"DEBUG","channel":"demo-script","datetime":"2022-02-02T09:42:35.525838+00:00","extra":{},"dd":{"trace_id":"8170975873260003027","span_id":"8170975873260003027"}}
{"message":"Attempting to use sleep in production. Please remove","context":{},"level":300,"level_name":"WARNING","channel":"demo-script","datetime":"2022-02-02T09:42:35.527186+00:00","extra":{},"dd":{"trace_id":"8170975873260003027","span_id":"1611558786069332066"}}
{"message":"Used sleep in production","context":{"sleep.duration":1},"level":400,"level_name":"ERROR","channel":"demo-script","datetime":"2022-02-02T09:42:36.528345+00:00","extra":{},"dd":{"trace_id":"8170975873260003027","span_id":"1611558786069332066"}}
{"message":"Curling httpbin","context":{},"level":200,"level_name":"INFO","channel":"demo-script","datetime":"2022-02-02T09:42:36.530914+00:00","extra":{},"dd":{"trace_id":"8170975873260003027","span_id":"8170975873260003027"}}
{"message":"sleeping","context":{"sleep.duration":null},"level":100,"level_name":"DEBUG","channel":"demo-script","datetime":"2022-02-02T09:42:37.983280+00:00","extra":{},"dd":{"trace_id":"8170975873260003027","span_id":"8170975873260003027"}}
{"message":"Attempting to use sleep in production. Please remove","context":{},"level":300,"level_name":"WARNING","channel":"demo-script","datetime":"2022-02-02T09:42:37.984486+00:00","extra":{},"dd":{"trace_id":"8170975873260003027","span_id":"3062943018830797717"}}
{"message":"Used sleep in production","context":{"sleep.duration":1},"level":400,"level_name":"ERROR","channel":"demo-script","datetime":"2022-02-02T09:42:38.986117+00:00","extra":{},"dd":{"trace_id":"8170975873260003027","span_id":"3062943018830797717"}}
{"message":"sleeping 1 second","context":{},"level":100,"level_name":"DEBUG","channel":"demo-script","datetime":"2022-02-02T09:43:25.311994+00:00","extra":{},"dd":{"trace_id":"7290301744760908755","span_id":"7290301744760908755"}}
{"message":"Attempting to use sleep in production. Please remove","context":{},"level":300,"level_name":"WARNING","channel":"demo-script","datetime":"2022-02-02T09:43:25.312945+00:00","extra":{},"dd":{"trace_id":"7290301744760908755","span_id":"8498988508942683717"}}
{"message":"Used sleep in production","context":{"sleep.duration":1},"level":400,"level_name":"ERROR","channel":"demo-script","datetime":"2022-02-02T09:43:26.292169+00:00","extra":{},"dd":{"trace_id":"7290301744760908755","span_id":"8498988508942683717"}}
{"message":"Curling httpbin","context":{},"level":200,"level_name":"INFO","channel":"demo-script","datetime":"2022-02-02T09:43:26.293924+00:00","extra":{},"dd":{"trace_id":"7290301744760908755","span_id":"7290301744760908755"}}
{"message":"sleeping 1 second","context":{},"level":100,"level_name":"DEBUG","channel":"demo-script","datetime":"2022-02-02T09:43:27.525090+00:00","extra":{},"dd":{"trace_id":"7290301744760908755","span_id":"7290301744760908755"}}
{"message":"Attempting to use sleep in production. Please remove","context":{},"level":300,"level_name":"WARNING","channel":"demo-script","datetime":"2022-02-02T09:43:27.528644+00:00","extra":{},"dd":{"trace_id":"7290301744760908755","span_id":"4556919743181884763"}}
{"message":"Used sleep in production","context":{"sleep.duration":1},"level":400,"level_name":"ERROR","channel":"demo-script","datetime":"2022-02-02T09:43:28.531158+00:00","extra":{},"dd":{"trace_id":"7290301744760908755","span_id":"4556919743181884763"}}
{"message":"sleeping 1 second","context":{},"level":100,"level_name":"DEBUG","channel":"demo-script","datetime":"2022-02-02T09:43:46.698301+00:00","extra":{},"dd":{"trace_id":"18218141762881207535","span_id":"18218141762881207535"}}
{"message":"Attempting to use sleep in production. Please remove","context":{},"level":300,"level_name":"WARNING","channel":"demo-script","datetime":"2022-02-02T09:43:46.699340+00:00","extra":{},"dd":{"trace_id":"18218141762881207535","span_id":"9816649752793770083"}}
{"message":"Used sleep in production","context":{"sleep.duration":1},"level":400,"level_name":"ERROR","channel":"demo-script","datetime":"2022-02-02T09:43:47.700090+00:00","extra":{},"dd":{"trace_id":"18218141762881207535","span_id":"9816649752793770083"}}
{"message":"Curling httpbin","context":{},"level":200,"level_name":"INFO","channel":"demo-script","datetime":"2022-02-02T09:43:47.701366+00:00","extra":{},"dd":{"trace_id":"18218141762881207535","span_id":"18218141762881207535"}}
{"message":"sleeping 1 second","context":{},"level":100,"level_name":"DEBUG","channel":"demo-script","datetime":"2022-02-02T09:43:48.905781+00:00","extra":{},"dd":{"trace_id":"18218141762881207535","span_id":"18218141762881207535"}}
{"message":"Attempting to use sleep in production. Please remove","context":{},"level":300,"level_name":"WARNING","channel":"demo-script","datetime":"2022-02-02T09:43:48.907042+00:00","extra":{},"dd":{"trace_id":"18218141762881207535","span_id":"4129535665795288157"}}
{"message":"Used sleep in production","context":{"sleep.duration":1},"level":400,"level_name":"ERROR","channel":"demo-script","datetime":"2022-02-02T09:43:49.909004+00:00","extra":{},"dd":{"trace_id":"18218141762881207535","span_id":"4129535665795288157"}}
{"message":"sleeping 1 second","context":{},"level":100,"level_name":"DEBUG","channel":"demo-script","datetime":"2022-02-02T09:48:26.554027+00:00","extra":{},"dd":{"trace_id":"13299426089508776356","span_id":"13299426089508776356"}}
{"message":"Attempting to use sleep in production. Please remove","context":{},"level":300,"level_name":"WARNING","channel":"demo-script","datetime":"2022-02-02T09:48:26.555823+00:00","extra":{},"dd":{"trace_id":"13299426089508776356","span_id":"1225155433974855714"}}
{"message":"Used sleep in production","context":{"sleep.duration":1},"level":400,"level_name":"ERROR","channel":"demo-script","datetime":"2022-02-02T09:48:27.558658+00:00","extra":{},"dd":{"trace_id":"13299426089508776356","span_id":"1225155433974855714"}}
{"message":"Curling httpbin","context":{},"level":200,"level_name":"INFO","channel":"demo-script","datetime":"2022-02-02T09:48:27.559781+00:00","extra":{},"dd":{"trace_id":"13299426089508776356","span_id":"13299426089508776356"}}
{"message":"sleeping 1 second","context":{},"level":100,"level_name":"DEBUG","channel":"demo-script","datetime":"2022-02-02T09:48:28.765953+00:00","extra":{},"dd":{"trace_id":"13299426089508776356","span_id":"13299426089508776356"}}
{"message":"Attempting to use sleep in production. Please remove","context":{},"level":300,"level_name":"WARNING","channel":"demo-script","datetime":"2022-02-02T09:48:28.768845+00:00","extra":{},"dd":{"trace_id":"13299426089508776356","span_id":"12785824435453991651"}}
{"message":"Used sleep in production","context":{"sleep.duration":1},"level":400,"level_name":"ERROR","channel":"demo-script","datetime":"2022-02-02T09:48:29.770824+00:00","extra":{},"dd":{"trace_id":"13299426089508776356","span_id":"12785824435453991651"}}
{"message":"sleeping 1 second","context":{},"level":100,"level_name":"DEBUG","channel":"demo-script","datetime":"2022-02-02T09:52:37.720404+00:00","extra":{},"dd":{"trace_id":"6451274508776431618","span_id":"6451274508776431618"}}
{"message":"Attempting to use sleep in production. Please remove","context":{},"level":300,"level_name":"WARNING","channel":"demo-script","datetime":"2022-02-02T09:52:37.724422+00:00","extra":{},"dd":{"trace_id":"6451274508776431618","span_id":"4297324496108635737"}}
{"message":"Used sleep in production","context":{"sleep.duration":1},"level":400,"level_name":"ERROR","channel":"demo-script","datetime":"2022-02-02T09:52:38.726589+00:00","extra":{},"dd":{"trace_id":"6451274508776431618","span_id":"4297324496108635737"}}
{"message":"Curling httpbin","context":{},"level":200,"level_name":"INFO","channel":"demo-script","datetime":"2022-02-02T09:52:38.727557+00:00","extra":{},"dd":{"trace_id":"6451274508776431618","span_id":"6451274508776431618"}}
{"message":"sleeping 1 second","context":{},"level":100,"level_name":"DEBUG","channel":"demo-script","datetime":"2022-02-02T09:52:39.965979+00:00","extra":{},"dd":{"trace_id":"6451274508776431618","span_id":"6451274508776431618"}}
{"message":"Attempting to use sleep in production. Please remove","context":{},"level":300,"level_name":"WARNING","channel":"demo-script","datetime":"2022-02-02T09:52:39.980835+00:00","extra":{},"dd":{"trace_id":"6451274508776431618","span_id":"2156922713986846009"}}
{"message":"Used sleep in production","context":{"sleep.duration":1},"level":400,"level_name":"ERROR","channel":"demo-script","datetime":"2022-02-02T09:52:40.982330+00:00","extra":{},"dd":{"trace_id":"6451274508776431618","span_id":"2156922713986846009"}}
{"message":"sleeping 1 second","context":{},"level":100,"level_name":"DEBUG","channel":"demo-script","datetime":"2022-02-02T17:42:16.121585+00:00","extra":{},"dd":{"trace_id":"12706797233810910360","span_id":"12706797233810910360"}}
{"message":"Attempting to use sleep in production. Please remove","context":{},"level":300,"level_name":"WARNING","channel":"demo-script","datetime":"2022-02-02T17:42:16.123126+00:00","extra":{},"dd":{"trace_id":"12706797233810910360","span_id":"1162023297263143484"}}
{"message":"Used sleep in production","context":{"sleep.duration":1},"level":400,"level_name":"ERROR","channel":"demo-script","datetime":"2022-02-02T17:42:17.124521+00:00","extra":{},"dd":{"trace_id":"12706797233810910360","span_id":"1162023297263143484"}}
{"message":"Curling httpbin","context":{},"level":200,"level_name":"INFO","channel":"demo-script","datetime":"2022-02-02T17:42:17.126158+00:00","extra":{},"dd":{"trace_id":"12706797233810910360","span_id":"12706797233810910360"}}
{"message":"sleeping 1 second","context":{},"level":100,"level_name":"DEBUG","channel":"demo-script","datetime":"2022-02-02T17:42:18.398863+00:00","extra":{},"dd":{"trace_id":"12706797233810910360","span_id":"12706797233810910360"}}
{"message":"Attempting to use sleep in production. Please remove","context":{},"level":300,"level_name":"WARNING","channel":"demo-script","datetime":"2022-02-02T17:42:18.400329+00:00","extra":{},"dd":{"trace_id":"12706797233810910360","span_id":"3970040925375037914"}}
{"message":"Used sleep in production","context":{"sleep.duration":1},"level":400,"level_name":"ERROR","channel":"demo-script","datetime":"2022-02-02T17:42:19.402392+00:00","extra":{},"dd":{"trace_id":"12706797233810910360","span_id":"3970040925375037914"}}
{"message":"sleeping 1 second","context":{},"level":100,"level_name":"DEBUG","channel":"demo-script","datetime":"2022-02-02T17:53:56.233886+00:00","extra":{},"dd":{"trace_id":"16845988946113030403","span_id":"16845988946113030403"}}
{"message":"Attempting to use sleep in production. Please remove","context":{},"level":300,"level_name":"WARNING","channel":"demo-script","datetime":"2022-02-02T17:53:56.235234+00:00","extra":{},"dd":{"trace_id":"16845988946113030403","span_id":"3250245188718435954"}}
{"message":"Used sleep in production","context":{"sleep.duration":1},"level":400,"level_name":"ERROR","channel":"demo-script","datetime":"2022-02-02T17:53:57.236088+00:00","extra":{},"dd":{"trace_id":"16845988946113030403","span_id":"3250245188718435954"}}
{"message":"Curling httpbin","context":{},"level":200,"level_name":"INFO","channel":"demo-script","datetime":"2022-02-02T17:53:57.236721+00:00","extra":{},"dd":{"trace_id":"16845988946113030403","span_id":"16845988946113030403"}}
{"message":"sleeping 1 second","context":{},"level":100,"level_name":"DEBUG","channel":"demo-script","datetime":"2022-02-02T17:53:58.441216+00:00","extra":{},"dd":{"trace_id":"16845988946113030403","span_id":"16845988946113030403"}}
{"message":"Attempting to use sleep in production. Please remove","context":{},"level":300,"level_name":"WARNING","channel":"demo-script","datetime":"2022-02-02T17:53:58.442490+00:00","extra":{},"dd":{"trace_id":"16845988946113030403","span_id":"4944651162085056402"}}
{"message":"Used sleep in production","context":{"sleep.duration":1},"level":400,"level_name":"ERROR","channel":"demo-script","datetime":"2022-02-02T17:53:59.443791+00:00","extra":{},"dd":{"trace_id":"16845988946113030403","span_id":"4944651162085056402"}}
{"message":"sleeping 1 second","context":{},"level":100,"level_name":"DEBUG","channel":"demo-script","datetime":"2022-02-02T18:50:02.442835+00:00","extra":{},"dd":{"trace_id":"16862117080104802327","span_id":"16862117080104802327"}}
{"message":"Attempting to use sleep in production. Please remove","context":{},"level":300,"level_name":"WARNING","channel":"demo-script","datetime":"2022-02-02T18:50:02.444962+00:00","extra":{},"dd":{"trace_id":"16862117080104802327","span_id":"15416447971049007725"}}
{"message":"Used sleep in production","context":{"sleep.duration":1},"level":400,"level_name":"ERROR","channel":"demo-script","datetime":"2022-02-02T18:50:03.426115+00:00","extra":{},"dd":{"trace_id":"16862117080104802327","span_id":"15416447971049007725"}}
{"message":"Curling httpbin","context":{},"level":200,"level_name":"INFO","channel":"demo-script","datetime":"2022-02-02T18:50:03.427274+00:00","extra":{},"dd":{"trace_id":"16862117080104802327","span_id":"16862117080104802327"}}
{"message":"sleeping 1 second","context":{},"level":100,"level_name":"DEBUG","channel":"demo-script","datetime":"2022-02-02T18:50:04.650958+00:00","extra":{},"dd":{"trace_id":"16862117080104802327","span_id":"16862117080104802327"}}
{"message":"Attempting to use sleep in production. Please remove","context":{},"level":300,"level_name":"WARNING","channel":"demo-script","datetime":"2022-02-02T18:50:04.653090+00:00","extra":{},"dd":{"trace_id":"16862117080104802327","span_id":"13691813445662549906"}}
{"message":"Used sleep in production","context":{"sleep.duration":1},"level":400,"level_name":"ERROR","channel":"demo-script","datetime":"2022-02-02T18:50:05.654420+00:00","extra":{},"dd":{"trace_id":"16862117080104802327","span_id":"13691813445662549906"}}
